<?xml version="1.0" encoding="UTF-8"?>
<testsuite xmlns:xsi="http://www.w3.org/2001/XMLSchema-instance" xsi:noNamespaceSchemaLocation="https://maven.apache.org/surefire/maven-surefire-plugin/xsd/surefire-test-report-3.0.xsd" version="3.0" name="runner.runTest" time="55.018" tests="14" errors="0" skipped="0" failures="0">
  <properties>
[...]
</properties>
  <testcase name="Login with valid credentials #1" classname="User Login" time="4.645">
    <system-out><![CDATA[
Scenario Outline: Login with valid credentials                          &amp#27;[90m# src/test/resources/features/Login.feature:12&amp#27;[0m
  &amp#27;[32mGiven &amp#27;[0m&amp#27;[32mthe user is on the login page&amp#27;[0m                                   &amp#27;[90m# stepDefinitions.Login.the_user_is_on_the_login_page()&amp#27;[0m
  &amp#27;[32mWhen &amp#27;[0m&amp#27;[32mthe user enters a valid email &amp#27;[0m&amp#27;[32m&amp#27;[1mphani21@gmail.com&amp#27;[0m&amp#27;[32m into email field&amp#27;[0m &amp#27;[90m# stepDefinitions.Login.the_user_enters_a_valid_email_into_email_field(java.lang.String)&amp#27;[0m
  &amp#27;[32mAnd &amp#27;[0m&amp#27;[32mthe user enters a valid password &amp#27;[0m&amp#27;[32m&amp#27;[1madmin&amp#27;[0m&amp#27;[32m into password field&amp#27;[0m        &amp#27;[90m# stepDefinitions.Login.the_user_enters_a_valid_password_into_password_field(java.lang.String)&amp#27;[0m
  &amp#27;[32mAnd &amp#27;[0m&amp#27;[32mthe user clicks the login button&amp#27;[0m                                  &amp#27;[90m# stepDefinitions.Login.the_user_clicks_the_login_button()&amp#27;[0m
  &amp#27;[32mThen &amp#27;[0m&amp#27;[32mthe user should be logged in successfully&amp#27;[0m                        &amp#27;[90m# stepDefinitions.Login.the_user_should_be_logged_in_successfully()&amp#27;[0m
]]></system-out>
  </testcase>
  <testcase name="Login with valid credentials #2" classname="User Login" time="4.212">
    <system-out><![CDATA[
Scenario Outline: Login with valid credentials                          &amp#27;[90m# src/test/resources/features/Login.feature:13&amp#27;[0m
  &amp#27;[32mGiven &amp#27;[0m&amp#27;[32mthe user is on the login page&amp#27;[0m                                   &amp#27;[90m# stepDefinitions.Login.the_user_is_on_the_login_page()&amp#27;[0m
  &amp#27;[32mWhen &amp#27;[0m&amp#27;[32mthe user enters a valid email &amp#27;[0m&amp#27;[32m&amp#27;[1mphani22@gmail.com&amp#27;[0m&amp#27;[32m into email field&amp#27;[0m &amp#27;[90m# stepDefinitions.Login.the_user_enters_a_valid_email_into_email_field(java.lang.String)&amp#27;[0m
  &amp#27;[32mAnd &amp#27;[0m&amp#27;[32mthe user enters a valid password &amp#27;[0m&amp#27;[32m&amp#27;[1madmin&amp#27;[0m&amp#27;[32m into password field&amp#27;[0m        &amp#27;[90m# stepDefinitions.Login.the_user_enters_a_valid_password_into_password_field(java.lang.String)&amp#27;[0m
  &amp#27;[32mAnd &amp#27;[0m&amp#27;[32mthe user clicks the login button&amp#27;[0m                                  &amp#27;[90m# stepDefinitions.Login.the_user_clicks_the_login_button()&amp#27;[0m
  &amp#27;[32mThen &amp#27;[0m&amp#27;[32mthe user should be logged in successfully&amp#27;[0m                        &amp#27;[90m# stepDefinitions.Login.the_user_should_be_logged_in_successfully()&amp#27;[0m
]]></system-out>
  </testcase>
  <testcase name="Login with valid credentials #3" classname="User Login" time="3.47">
    <system-out><![CDATA[
Scenario Outline: Login with valid credentials                          &amp#27;[90m# src/test/resources/features/Login.feature:14&amp#27;[0m
  &amp#27;[32mGiven &amp#27;[0m&amp#27;[32mthe user is on the login page&amp#27;[0m                                   &amp#27;[90m# stepDefinitions.Login.the_user_is_on_the_login_page()&amp#27;[0m
  &amp#27;[32mWhen &amp#27;[0m&amp#27;[32mthe user enters a valid email &amp#27;[0m&amp#27;[32m&amp#27;[1mphani23@gmail.com&amp#27;[0m&amp#27;[32m into email field&amp#27;[0m &amp#27;[90m# stepDefinitions.Login.the_user_enters_a_valid_email_into_email_field(java.lang.String)&amp#27;[0m
  &amp#27;[32mAnd &amp#27;[0m&amp#27;[32mthe user enters a valid password &amp#27;[0m&amp#27;[32m&amp#27;[1madmin&amp#27;[0m&amp#27;[32m into password field&amp#27;[0m        &amp#27;[90m# stepDefinitions.Login.the_user_enters_a_valid_password_into_password_field(java.lang.String)&amp#27;[0m
  &amp#27;[32mAnd &amp#27;[0m&amp#27;[32mthe user clicks the login button&amp#27;[0m                                  &amp#27;[90m# stepDefinitions.Login.the_user_clicks_the_login_button()&amp#27;[0m
  &amp#27;[32mThen &amp#27;[0m&amp#27;[32mthe user should be logged in successfully&amp#27;[0m                        &amp#27;[90m# stepDefinitions.Login.the_user_should_be_logged_in_successfully()&amp#27;[0m
]]></system-out>
  </testcase>
  <testcase name="Login with invalid credentials" classname="User Login" time="3.593">
    <system-out><![CDATA[
Scenario: Login with invalid credentials                                                              &amp#27;[90m# src/test/resources/features/Login.feature:16&amp#27;[0m
  &amp#27;[32mGiven &amp#27;[0m&amp#27;[32mthe user is on the login page&amp#27;[0m                                                                 &amp#27;[90m# stepDefinitions.Login.the_user_is_on_the_login_page()&amp#27;[0m
  &amp#27;[32mWhen &amp#27;[0m&amp#27;[32mthe user enters a invalid email into email field&amp#27;[0m                                               &amp#27;[90m# stepDefinitions.Login.the_user_enters_a_invalid_email_into_email_field()&amp#27;[0m
  &amp#27;[32mAnd &amp#27;[0m&amp#27;[32mthe user enters a invalid password &amp#27;[0m&amp#27;[32m&amp#27;[1m"adin"&amp#27;[0m&amp#27;[32m into password field&amp#27;[0m                                   &amp#27;[90m# stepDefinitions.Login.the_user_enters_a_invalid_password_into_password_field(java.lang.String)&amp#27;[0m
  &amp#27;[32mAnd &amp#27;[0m&amp#27;[32mthe user clicks the login button&amp#27;[0m                                                                &amp#27;[90m# stepDefinitions.Login.the_user_clicks_the_login_button()&amp#27;[0m
  &amp#27;[32mThen &amp#27;[0m&amp#27;[32mthe user should see an warning message &amp#27;[0m&amp#27;[32m&amp#27;[1m"Warning: No match for E-Mail Address and/or Password."&amp#27;[0m &amp#27;[90m# stepDefinitions.Login.the_user_should_see_an_warning_message(java.lang.String)&amp#27;[0m
]]></system-out>
  </testcase>
  <testcase name="Login with invalid email" classname="User Login" time="3.599">
    <system-out><![CDATA[
Scenario: Login with invalid email                                                                    &amp#27;[90m# src/test/resources/features/Login.feature:23&amp#27;[0m
  &amp#27;[32mGiven &amp#27;[0m&amp#27;[32mthe user is on the login page&amp#27;[0m                                                                 &amp#27;[90m# stepDefinitions.Login.the_user_is_on_the_login_page()&amp#27;[0m
  &amp#27;[32mWhen &amp#27;[0m&amp#27;[32mthe user enters a invalid email into email field&amp#27;[0m                                               &amp#27;[90m# stepDefinitions.Login.the_user_enters_a_invalid_email_into_email_field()&amp#27;[0m
  &amp#27;[32mAnd &amp#27;[0m&amp#27;[32mthe user enters a valid password &amp#27;[0m&amp#27;[32m&amp#27;[1m"admin"&amp#27;[0m&amp#27;[32m into password field&amp#27;[0m                                    &amp#27;[90m# stepDefinitions.Login.the_user_enters_a_valid_password_into_password_field(java.lang.String)&amp#27;[0m
  &amp#27;[32mAnd &amp#27;[0m&amp#27;[32mthe user clicks the login button&amp#27;[0m                                                                &amp#27;[90m# stepDefinitions.Login.the_user_clicks_the_login_button()&amp#27;[0m
  &amp#27;[32mThen &amp#27;[0m&amp#27;[32mthe user should see an warning message &amp#27;[0m&amp#27;[32m&amp#27;[1m"Warning: No match for E-Mail Address and/or Password."&amp#27;[0m &amp#27;[90m# stepDefinitions.Login.the_user_should_see_an_warning_message(java.lang.String)&amp#27;[0m
]]></system-out>
  </testcase>
  <testcase name="Login with invalid password" classname="User Login" time="3.456">
    <system-out><![CDATA[
Scenario: Login with invalid password                                                                 &amp#27;[90m# src/test/resources/features/Login.feature:30&amp#27;[0m
  &amp#27;[32mGiven &amp#27;[0m&amp#27;[32mthe user is on the login page&amp#27;[0m                                                                 &amp#27;[90m# stepDefinitions.Login.the_user_is_on_the_login_page()&amp#27;[0m
  &amp#27;[32mWhen &amp#27;[0m&amp#27;[32mthe user enters a valid email &amp#27;[0m&amp#27;[32m&amp#27;[1m"phajvh@gmail.com"&amp#27;[0m&amp#27;[32m into email field&amp#27;[0m                              &amp#27;[90m# stepDefinitions.Login.the_user_enters_a_valid_email_into_email_field(java.lang.String)&amp#27;[0m
  &amp#27;[32mAnd &amp#27;[0m&amp#27;[32mthe user enters a invalid password &amp#27;[0m&amp#27;[32m&amp#27;[1m"adijjbn"&amp#27;[0m&amp#27;[32m into password field&amp#27;[0m                                &amp#27;[90m# stepDefinitions.Login.the_user_enters_a_invalid_password_into_password_field(java.lang.String)&amp#27;[0m
  &amp#27;[32mAnd &amp#27;[0m&amp#27;[32mthe user clicks the login button&amp#27;[0m                                                                &amp#27;[90m# stepDefinitions.Login.the_user_clicks_the_login_button()&amp#27;[0m
  &amp#27;[32mThen &amp#27;[0m&amp#27;[32mthe user should see an warning message &amp#27;[0m&amp#27;[32m&amp#27;[1m"Warning: No match for E-Mail Address and/or Password."&amp#27;[0m &amp#27;[90m# stepDefinitions.Login.the_user_should_see_an_warning_message(java.lang.String)&amp#27;[0m
]]></system-out>
  </testcase>
  <testcase name="Login with empty Email and Password" classname="User Login" time="3.495">
    <system-out><![CDATA[
Scenario: Login with empty Email and Password                                                         &amp#27;[90m# src/test/resources/features/Login.feature:37&amp#27;[0m
  &amp#27;[32mGiven &amp#27;[0m&amp#27;[32mthe user is on the login page&amp#27;[0m                                                                 &amp#27;[90m# stepDefinitions.Login.the_user_is_on_the_login_page()&amp#27;[0m
  &amp#27;[32mWhen &amp#27;[0m&amp#27;[32mthe user leaves both email and password fields empty&amp#27;[0m                                           &amp#27;[90m# stepDefinitions.Login.the_user_leaves_both_email_and_password_fields_empty()&amp#27;[0m
  &amp#27;[32mAnd &amp#27;[0m&amp#27;[32mthe user clicks the login button&amp#27;[0m                                                                &amp#27;[90m# stepDefinitions.Login.the_user_clicks_the_login_button()&amp#27;[0m
  &amp#27;[32mThen &amp#27;[0m&amp#27;[32mthe user should see an warning message &amp#27;[0m&amp#27;[32m&amp#27;[1m"Warning: No match for E-Mail Address and/or Password."&amp#27;[0m &amp#27;[90m# stepDefinitions.Login.the_user_should_see_an_warning_message(java.lang.String)&amp#27;[0m
]]></system-out>
  </testcase>
  <testcase name="User registers with all fields" classname="User Registration" time="4.343">
    <system-out><![CDATA[
Scenario: User registers with all fields          &amp#27;[90m# src/test/resources/features/Register.feature:3&amp#27;[0m
  &amp#27;[32mGiven &amp#27;[0m&amp#27;[32mthe user is on the registration page&amp#27;[0m      &amp#27;[90m# stepDefinitions.Register.the_user_is_on_the_registration_page()&amp#27;[0m
  &amp#27;[32mWhen &amp#27;[0m&amp#27;[32mthe user enters the following information:&amp#27;[0m &amp#27;[90m# stepDefinitions.Register.the_user_enters_the_following_information(io.cucumber.datatable.DataTable)&amp#27;[0m
    | first-name | John                 |
    | last-name  | Doe                  |
    | email      | john.doe@example.com |
    | mobile     | 1234567890           |
    | password   | admin                |
  &amp#27;[32mAnd &amp#27;[0m&amp#27;[32mthe user clicks the Register button&amp#27;[0m         &amp#27;[90m# stepDefinitions.Register.the_user_clicks_the_button()&amp#27;[0m
  &amp#27;[32mThen &amp#27;[0m&amp#27;[32mthe user should be successfully registered&amp#27;[0m &amp#27;[90m# stepDefinitions.Register.the_user_should_be_successfully_registered()&amp#27;[0m
]]></system-out>
  </testcase>
  <testcase name="User registers with mandatory fields" classname="User Registration" time="4.236">
    <system-out><![CDATA[
Scenario: User registers with mandatory fields    &amp#27;[90m# src/test/resources/features/Register.feature:14&amp#27;[0m
  &amp#27;[32mGiven &amp#27;[0m&amp#27;[32mthe user is on the registration page&amp#27;[0m      &amp#27;[90m# stepDefinitions.Register.the_user_is_on_the_registration_page()&amp#27;[0m
  &amp#27;[32mWhen &amp#27;[0m&amp#27;[32mthe user enters the mandatory fields&amp#27;[0m       &amp#27;[90m# stepDefinitions.Register.the_user_enters_the_mandatory_fields(io.cucumber.datatable.DataTable)&amp#27;[0m
    | first-name | John                 |
    | last-name  | Doe                  |
    | email      | john.doe@example.com |
    | mobile     | 1234567890           |
    | password   | admin                |
  &amp#27;[32mAnd &amp#27;[0m&amp#27;[32mthe user clicks the Register button&amp#27;[0m         &amp#27;[90m# stepDefinitions.Register.the_user_clicks_the_button()&amp#27;[0m
  &amp#27;[32mThen &amp#27;[0m&amp#27;[32mthe user should be successfully registered&amp#27;[0m &amp#27;[90m# stepDefinitions.Register.the_user_should_be_successfully_registered()&amp#27;[0m
]]></system-out>
  </testcase>
  <testcase name="User registers with an existing email" classname="User Registration" time="4.275">
    <system-out><![CDATA[
Scenario: User registers with an existing email                                                            &amp#27;[90m# src/test/resources/features/Register.feature:25&amp#27;[0m
  &amp#27;[32mGiven &amp#27;[0m&amp#27;[32mthe user is on the registration page&amp#27;[0m                                                               &amp#27;[90m# stepDefinitions.Register.the_user_is_on_the_registration_page()&amp#27;[0m
  &amp#27;[32mWhen &amp#27;[0m&amp#27;[32mthe user enters the information with existing email:&amp#27;[0m                                                &amp#27;[90m# stepDefinitions.Register.the_user_enters_the_information_with_existing_email(io.cucumber.datatable.DataTable)&amp#27;[0m
    | first-name | John             |
    | last-name  | Doe              |
    | email      | phani1@gmail.com |
    | mobile     | 1234567890       |
    | password   | admin            |
  &amp#27;[32mAnd &amp#27;[0m&amp#27;[32mthe user clicks the Register button&amp#27;[0m                                                                  &amp#27;[90m# stepDefinitions.Register.the_user_clicks_the_button()&amp#27;[0m
  &amp#27;[32mThen &amp#27;[0m&amp#27;[32mthe registration should fail with an error &amp#27;[0m&amp#27;[32m&amp#27;[1m"Warning: E-Mail Address is already registered!"&amp#27;[0m&amp#27;[32m message&amp#27;[0m &amp#27;[90m# stepDefinitions.Register.the_registration_should_fail_with_an_error_message(java.lang.String)&amp#27;[0m
]]></system-out>
  </testcase>
  <testcase name="User leaves all required fields empty" classname="User Registration" time="3.468">
    <system-out><![CDATA[
Scenario: User leaves all required fields empty            &amp#27;[90m# src/test/resources/features/Register.feature:37&amp#27;[0m
  &amp#27;[32mGiven &amp#27;[0m&amp#27;[32mthe user is on the registration page&amp#27;[0m               &amp#27;[90m# stepDefinitions.Register.the_user_is_on_the_registration_page()&amp#27;[0m
  &amp#27;[32mAnd &amp#27;[0m&amp#27;[32mthe user clicks the Register button&amp#27;[0m                  &amp#27;[90m# stepDefinitions.Register.the_user_clicks_the_button()&amp#27;[0m
  &amp#27;[32mThen &amp#27;[0m&amp#27;[32mthe registration should fail with an error messages&amp#27;[0m &amp#27;[90m# stepDefinitions.Register.the_registration_should_fail_with_an_error_message()&amp#27;[0m
]]></system-out>
  </testcase>
  <testcase name="User searches for a valid product" classname="Product Search" time="3.01">
    <system-out><![CDATA[
Scenario: User searches for a valid product               &amp#27;[90m# src/test/resources/features/Search.feature:3&amp#27;[0m
  &amp#27;[32mGiven &amp#27;[0m&amp#27;[32mthe user is on the search page&amp#27;[0m                    &amp#27;[90m# stepDefinitions.Search.the_user_is_on_the_search_page()&amp#27;[0m
  &amp#27;[32mWhen &amp#27;[0m&amp#27;[32mthe user enters the valid product name &amp#27;[0m&amp#27;[32m&amp#27;[1m"Hp"&amp#27;[0m        &amp#27;[90m# stepDefinitions.Search.the_user_enters_the_valid_product_name(java.lang.String)&amp#27;[0m
  &amp#27;[32mAnd &amp#27;[0m&amp#27;[32mthe user clicks the Search button&amp#27;[0m                   &amp#27;[90m# stepDefinitions.Search.the_user_clicks_the_search_button()&amp#27;[0m
  &amp#27;[32mThen &amp#27;[0m&amp#27;[32mthe search results for product should be displayed&amp#27;[0m &amp#27;[90m# stepDefinitions.Search.the_search_results_for_product_should_be_displayed()&amp#27;[0m
]]></system-out>
  </testcase>
  <testcase name="User searches for an invalid product" classname="Product Search" time="2.99">
    <system-out><![CDATA[
Scenario: User searches for an invalid product                                                &amp#27;[90m# src/test/resources/features/Search.feature:9&amp#27;[0m
  &amp#27;[32mGiven &amp#27;[0m&amp#27;[32mthe user is on the search page&amp#27;[0m                                                        &amp#27;[90m# stepDefinitions.Search.the_user_is_on_the_search_page()&amp#27;[0m
  &amp#27;[32mWhen &amp#27;[0m&amp#27;[32mthe user enters an invalid product name &amp#27;[0m&amp#27;[32m&amp#27;[1m"XYZ123"&amp#27;[0m                                       &amp#27;[90m# stepDefinitions.Search.the_user_enters_an_invalid_product_name(java.lang.String)&amp#27;[0m
  &amp#27;[32mAnd &amp#27;[0m&amp#27;[32mthe user clicks the Search button&amp#27;[0m                                                       &amp#27;[90m# stepDefinitions.Search.the_user_clicks_the_search_button()&amp#27;[0m
  &amp#27;[32mThen &amp#27;[0m&amp#27;[32mthe search results should show &amp#27;[0m&amp#27;[32m&amp#27;[1m"There is no product that matches the search criteria."&amp#27;[0m &amp#27;[90m# stepDefinitions.Search.the_search_results_should_show(java.lang.String)&amp#27;[0m
]]></system-out>
  </testcase>
  <testcase name="User searches with an empty field" classname="Product Search" time="2.972">
    <system-out><![CDATA[
Scenario: User searches with an empty field                                                   &amp#27;[90m# src/test/resources/features/Search.feature:15&amp#27;[0m
  &amp#27;[32mGiven &amp#27;[0m&amp#27;[32mthe user is on the search page&amp#27;[0m                                                        &amp#27;[90m# stepDefinitions.Search.the_user_is_on_the_search_page()&amp#27;[0m
  &amp#27;[32mWhen &amp#27;[0m&amp#27;[32mthe user leaves the search field empty&amp#27;[0m                                                 &amp#27;[90m# stepDefinitions.Search.the_user_leaves_the_search_field_empty()&amp#27;[0m
  &amp#27;[32mAnd &amp#27;[0m&amp#27;[32mthe user clicks the Search button&amp#27;[0m                                                       &amp#27;[90m# stepDefinitions.Search.the_user_clicks_the_search_button()&amp#27;[0m
  &amp#27;[32mThen &amp#27;[0m&amp#27;[32mthe search results should show &amp#27;[0m&amp#27;[32m&amp#27;[1m"There is no product that matches the search criteria."&amp#27;[0m &amp#27;[90m# stepDefinitions.Search.the_search_results_should_show(java.lang.String)&amp#27;[0m
]]></system-out>
  </testcase>
</testsuite>